2020-10-28 15:05:06.126 GMT [7814] LOG:  starting PostgreSQL 12.3 on x86_64-pc-linux-gnu, compiled by gcc (GCC) 4.8.5 20150623 (Red Hat 4.8.5-39), 64-bit
2020-10-28 15:05:06.133 GMT [7814] LOG:  listening on Unix socket "/dcs/19/u1909327/Y2/CS258/postgres/tmp/.s.PGSQL.5432"
2020-10-28 15:05:06.190 GMT [7815] LOG:  database system was shut down at 2020-10-21 15:29:32 BST
2020-10-28 15:05:06.209 GMT [7814] LOG:  database system is ready to accept connections
2020-10-28 15:13:03.193 GMT [9017] ERROR:  table "league" does not exist
2020-10-28 15:13:03.193 GMT [9017] STATEMENT:  DROP TABLE LEAGUE CASCADE
2020-10-28 15:13:36.817 GMT [7819] LOG:  using stale statistics instead of current ones because stats collector is not responding
2020-10-28 15:13:47.157 GMT [9138] LOG:  using stale statistics instead of current ones because stats collector is not responding
2020-10-28 15:39:35.450 GMT [12114] ERROR:  table "player" does not exist
2020-10-28 15:39:35.450 GMT [12114] STATEMENT:  DROP TABLE PLAYER CASCADE
2020-10-28 15:39:35.455 GMT [12114] ERROR:  syntax error at or near "NOT" at character 257
2020-10-28 15:39:35.455 GMT [12114] STATEMENT:  CREATE TABLE PLAYER( PlayerID INTEGER PRIMARY KEY, Name VARCHAR(30) NOT NULL, Age INTEGER NOT NULL, Height FLOAT NOT NULL, Weight FLOAT NOT NULL, Nationality VARCHAR(30) NOT NULL, Rating INTEGER NOT NULL, PreferredFoot CHAR(1) NOT NULL, Position VARCHAR(3 NOT NULL), ShirtNumber INTEGER NOT NULL, ContractExpiry INTEGER NOT NULL)
2020-10-28 15:39:35.459 GMT [12114] ERROR:  table "team" does not exist
2020-10-28 15:39:35.459 GMT [12114] STATEMENT:  DROP TABLE TEAM CASCADE
2020-10-28 15:39:35.478 GMT [12114] ERROR:  table "team_player" does not exist
2020-10-28 15:39:35.478 GMT [12114] STATEMENT:  DROP TABLE TEAM_PLAYER CASCADE
2020-10-28 15:39:35.478 GMT [12114] ERROR:  syntax error at or near "INTEGER" at character 100
2020-10-28 15:39:35.478 GMT [12114] STATEMENT:  CREATE TABLE TEAM_PLAYER( TeamID INTEGER NOT NULL, PlayerID INTEGER NOT NULL, PRIMARY KEY (TeamID) INTEGER NOT NULL, FOREIGN KEY (TeamID) REFERENCES TEAM(TeamID), FOREIGN KEY (PlayerID) REFERENCES PLAYER(PlayerID))
2020-10-28 15:39:35.478 GMT [12114] ERROR:  table "season" does not exist
2020-10-28 15:39:35.478 GMT [12114] STATEMENT:  DROP TABLE SEASON CASCADE
2020-10-28 15:39:35.509 GMT [12114] ERROR:  table "season_team" does not exist
2020-10-28 15:39:35.509 GMT [12114] STATEMENT:  DROP TABLE SEASON_TEAM CASCADE
2020-10-28 15:39:35.530 GMT [12114] ERROR:  table "match" does not exist
2020-10-28 15:39:35.530 GMT [12114] STATEMENT:  DROP TABLE MATCH CASCADE
2020-10-28 15:39:35.530 GMT [12114] ERROR:  syntax error at or near "S" at character 319
2020-10-28 15:39:35.530 GMT [12114] STATEMENT:  CREATE TABLE MATCH( MatchID INTEGER PRIMARY KEY, SeasonID INTEGER NOT NULL, HomeTeamID INTEGER NOT NULL, AwayTeamID INTEGER NOT NULL, DatePlayed DATE NOT NULL, FOREIGN KEY (SeasonID) REFERENCES SEASON(SeasonID), FOREIGN KEY (HomeTeamID) REFERENCES TEAM(HomeTeamID), FOREIGN KEY (AwayTeamID) REFERENCES TEAM(AwayTeamID)S)
2020-10-28 15:39:35.531 GMT [12114] ERROR:  table "goal" does not exist
2020-10-28 15:39:35.531 GMT [12114] STATEMENT:  DROP TABLE GOAL CASCADE
2020-10-28 15:39:35.531 GMT [12114] ERROR:  syntax error at end of input at character 293
2020-10-28 15:39:35.531 GMT [12114] STATEMENT:  CREATE TABLE GOAL( GoalID INTEGER PRIMARY KEY, MatchID INTEGER NOT NULL, PlayerID INTEGER NOT NULL, TeamID INTEGER NOT NULL, MinuteScored --TODO, FOREIGN KEY (MatchID) REFERENCES MATCH(MatchID), FOREIGN KEY (PlayerID) REFERENCES PLAYER(PlayerID), FOREIGN KEY (TeamID) REFERENCES TEAM(TeamID))
2020-10-28 15:40:00.041 GMT [12198] ERROR:  table "player" does not exist
2020-10-28 15:40:00.041 GMT [12198] STATEMENT:  DROP TABLE PLAYER CASCADE
2020-10-28 15:40:00.045 GMT [12198] ERROR:  syntax error at or near "NOT" at character 257
2020-10-28 15:40:00.045 GMT [12198] STATEMENT:  CREATE TABLE PLAYER( PlayerID INTEGER PRIMARY KEY, Name VARCHAR(30) NOT NULL, Age INTEGER NOT NULL, Height FLOAT NOT NULL, Weight FLOAT NOT NULL, Nationality VARCHAR(30) NOT NULL, Rating INTEGER NOT NULL, PreferredFoot CHAR(1) NOT NULL, Position VARCHAR(3 NOT NULL), ShirtNumber INTEGER NOT NULL, ContractExpiry INTEGER NOT NULL)
2020-10-28 15:40:00.083 GMT [12198] ERROR:  table "team_player" does not exist
2020-10-28 15:40:00.083 GMT [12198] STATEMENT:  DROP TABLE TEAM_PLAYER CASCADE
2020-10-28 15:40:00.083 GMT [12198] ERROR:  syntax error at or near "INTEGER" at character 100
2020-10-28 15:40:00.083 GMT [12198] STATEMENT:  CREATE TABLE TEAM_PLAYER( TeamID INTEGER NOT NULL, PlayerID INTEGER NOT NULL, PRIMARY KEY (TeamID) INTEGER NOT NULL, FOREIGN KEY (TeamID) REFERENCES TEAM(TeamID), FOREIGN KEY (PlayerID) REFERENCES PLAYER(PlayerID))
2020-10-28 15:40:00.147 GMT [12198] ERROR:  table "match" does not exist
2020-10-28 15:40:00.147 GMT [12198] STATEMENT:  DROP TABLE MATCH CASCADE
2020-10-28 15:40:00.148 GMT [12198] ERROR:  syntax error at or near "S" at character 319
2020-10-28 15:40:00.148 GMT [12198] STATEMENT:  CREATE TABLE MATCH( MatchID INTEGER PRIMARY KEY, SeasonID INTEGER NOT NULL, HomeTeamID INTEGER NOT NULL, AwayTeamID INTEGER NOT NULL, DatePlayed DATE NOT NULL, FOREIGN KEY (SeasonID) REFERENCES SEASON(SeasonID), FOREIGN KEY (HomeTeamID) REFERENCES TEAM(HomeTeamID), FOREIGN KEY (AwayTeamID) REFERENCES TEAM(AwayTeamID)S)
2020-10-28 15:40:00.148 GMT [12198] ERROR:  table "goal" does not exist
2020-10-28 15:40:00.148 GMT [12198] STATEMENT:  DROP TABLE GOAL CASCADE
2020-10-28 15:40:00.149 GMT [12198] ERROR:  syntax error at end of input at character 293
2020-10-28 15:40:00.149 GMT [12198] STATEMENT:  CREATE TABLE GOAL( GoalID INTEGER PRIMARY KEY, MatchID INTEGER NOT NULL, PlayerID INTEGER NOT NULL, TeamID INTEGER NOT NULL, MinuteScored --TODO, FOREIGN KEY (MatchID) REFERENCES MATCH(MatchID), FOREIGN KEY (PlayerID) REFERENCES PLAYER(PlayerID), FOREIGN KEY (TeamID) REFERENCES TEAM(TeamID))
2020-10-28 15:43:22.096 GMT [12545] ERROR:  table "player" does not exist
2020-10-28 15:43:22.096 GMT [12545] STATEMENT:  DROP TABLE PLAYER CASCADE
2020-10-28 15:43:22.100 GMT [12545] ERROR:  syntax error at or near "NOT" at character 257
2020-10-28 15:43:22.100 GMT [12545] STATEMENT:  CREATE TABLE PLAYER( PlayerID INTEGER PRIMARY KEY, Name VARCHAR(30) NOT NULL, Age INTEGER NOT NULL, Height FLOAT NOT NULL, Weight FLOAT NOT NULL, Nationality VARCHAR(30) NOT NULL, Rating INTEGER NOT NULL, PreferredFoot CHAR(1) NOT NULL, Position VARCHAR(3 NOT NULL), ShirtNumber INTEGER NOT NULL, ContractExpiry INTEGER NOT NULL)
2020-10-28 15:43:22.137 GMT [12545] ERROR:  table "team_player" does not exist
2020-10-28 15:43:22.137 GMT [12545] STATEMENT:  DROP TABLE TEAM_PLAYER CASCADE
2020-10-28 15:43:22.137 GMT [12545] ERROR:  syntax error at or near "INTEGER" at character 100
2020-10-28 15:43:22.137 GMT [12545] STATEMENT:  CREATE TABLE TEAM_PLAYER( TeamID INTEGER NOT NULL, PlayerID INTEGER NOT NULL, PRIMARY KEY (TeamID) INTEGER NOT NULL, FOREIGN KEY (TeamID) REFERENCES TEAM(TeamID), FOREIGN KEY (PlayerID) REFERENCES PLAYER(PlayerID))
2020-10-28 15:43:22.194 GMT [12545] ERROR:  table "match" does not exist
2020-10-28 15:43:22.194 GMT [12545] STATEMENT:  DROP TABLE MATCH CASCADE
2020-10-28 15:43:22.195 GMT [12545] ERROR:  syntax error at or near "S" at character 319
2020-10-28 15:43:22.195 GMT [12545] STATEMENT:  CREATE TABLE MATCH( MatchID INTEGER PRIMARY KEY, SeasonID INTEGER NOT NULL, HomeTeamID INTEGER NOT NULL, AwayTeamID INTEGER NOT NULL, DatePlayed DATE NOT NULL, FOREIGN KEY (SeasonID) REFERENCES SEASON(SeasonID), FOREIGN KEY (HomeTeamID) REFERENCES TEAM(HomeTeamID), FOREIGN KEY (AwayTeamID) REFERENCES TEAM(AwayTeamID)S)
2020-10-28 15:43:22.195 GMT [12545] ERROR:  table "goal" does not exist
2020-10-28 15:43:22.195 GMT [12545] STATEMENT:  DROP TABLE GOAL CASCADE
2020-10-28 15:43:22.196 GMT [12545] ERROR:  syntax error at end of input at character 293
2020-10-28 15:43:22.196 GMT [12545] STATEMENT:  CREATE TABLE GOAL( GoalID INTEGER PRIMARY KEY, MatchID INTEGER NOT NULL, PlayerID INTEGER NOT NULL, TeamID INTEGER NOT NULL, MinuteScored --TODO, FOREIGN KEY (MatchID) REFERENCES MATCH(MatchID), FOREIGN KEY (PlayerID) REFERENCES PLAYER(PlayerID), FOREIGN KEY (TeamID) REFERENCES TEAM(TeamID))
2020-10-28 15:46:52.312 GMT [13019] ERROR:  table "player" does not exist
2020-10-28 15:46:52.312 GMT [13019] STATEMENT:  DROP TABLE PLAYER CASCADE
2020-10-28 15:46:52.317 GMT [13019] ERROR:  syntax error at or near "NOT" at character 257
2020-10-28 15:46:52.317 GMT [13019] STATEMENT:  CREATE TABLE PLAYER( PlayerID INTEGER PRIMARY KEY, Name VARCHAR(30) NOT NULL, Age INTEGER NOT NULL, Height FLOAT NOT NULL, Weight FLOAT NOT NULL, Nationality VARCHAR(30) NOT NULL, Rating INTEGER NOT NULL, PreferredFoot CHAR(1) NOT NULL, Position VARCHAR(3 NOT NULL), ShirtNumber INTEGER NOT NULL, ContractExpiry INTEGER NOT NULL)
2020-10-28 15:46:52.348 GMT [13019] ERROR:  table "team_player" does not exist
2020-10-28 15:46:52.348 GMT [13019] STATEMENT:  DROP TABLE TEAM_PLAYER CASCADE
2020-10-28 15:46:52.349 GMT [13019] ERROR:  syntax error at or near "INTEGER" at character 100
2020-10-28 15:46:52.349 GMT [13019] STATEMENT:  CREATE TABLE TEAM_PLAYER( TeamID INTEGER NOT NULL, PlayerID INTEGER NOT NULL, PRIMARY KEY (TeamID) INTEGER NOT NULL, FOREIGN KEY (TeamID) REFERENCES TEAM(TeamID), FOREIGN KEY (PlayerID) REFERENCES PLAYER(PlayerID))
2020-10-28 15:46:52.407 GMT [13019] ERROR:  table "match" does not exist
2020-10-28 15:46:52.407 GMT [13019] STATEMENT:  DROP TABLE MATCH CASCADE
2020-10-28 15:46:52.408 GMT [13019] ERROR:  syntax error at or near "S" at character 319
2020-10-28 15:46:52.408 GMT [13019] STATEMENT:  CREATE TABLE MATCH( MatchID INTEGER PRIMARY KEY, SeasonID INTEGER NOT NULL, HomeTeamID INTEGER NOT NULL, AwayTeamID INTEGER NOT NULL, DatePlayed DATE NOT NULL, FOREIGN KEY (SeasonID) REFERENCES SEASON(SeasonID), FOREIGN KEY (HomeTeamID) REFERENCES TEAM(HomeTeamID), FOREIGN KEY (AwayTeamID) REFERENCES TEAM(AwayTeamID)S)
2020-10-28 15:46:52.408 GMT [13019] ERROR:  table "goal" does not exist
2020-10-28 15:46:52.408 GMT [13019] STATEMENT:  DROP TABLE GOAL CASCADE
2020-10-28 15:46:52.408 GMT [13019] ERROR:  syntax error at end of input at character 293
2020-10-28 15:46:52.408 GMT [13019] STATEMENT:  CREATE TABLE GOAL( GoalID INTEGER PRIMARY KEY, MatchID INTEGER NOT NULL, PlayerID INTEGER NOT NULL, TeamID INTEGER NOT NULL, MinuteScored --TODO, FOREIGN KEY (MatchID) REFERENCES MATCH(MatchID), FOREIGN KEY (PlayerID) REFERENCES PLAYER(PlayerID), FOREIGN KEY (TeamID) REFERENCES TEAM(TeamID))
2020-10-28 15:48:04.165 GMT [13150] ERROR:  table "player" does not exist
2020-10-28 15:48:04.165 GMT [13150] STATEMENT:  DROP TABLE PLAYER CASCADE
2020-10-28 15:48:04.169 GMT [13150] ERROR:  syntax error at or near "NOT" at character 257
2020-10-28 15:48:04.169 GMT [13150] STATEMENT:  CREATE TABLE PLAYER( PlayerID INTEGER PRIMARY KEY, Name VARCHAR(30) NOT NULL, Age INTEGER NOT NULL, Height FLOAT NOT NULL, Weight FLOAT NOT NULL, Nationality VARCHAR(30) NOT NULL, Rating INTEGER NOT NULL, PreferredFoot CHAR(1) NOT NULL, Position VARCHAR(3 NOT NULL), ShirtNumber INTEGER NOT NULL, ContractExpiry INTEGER NOT NULL)
2020-10-28 15:48:04.219 GMT [13150] ERROR:  table "team_player" does not exist
2020-10-28 15:48:04.219 GMT [13150] STATEMENT:  DROP TABLE TEAM_PLAYER CASCADE
2020-10-28 15:48:04.220 GMT [13150] ERROR:  syntax error at or near "INTEGER" at character 100
2020-10-28 15:48:04.220 GMT [13150] STATEMENT:  CREATE TABLE TEAM_PLAYER( TeamID INTEGER NOT NULL, PlayerID INTEGER NOT NULL, PRIMARY KEY (TeamID) INTEGER NOT NULL, FOREIGN KEY (TeamID) REFERENCES TEAM(TeamID), FOREIGN KEY (PlayerID) REFERENCES PLAYER(PlayerID))
2020-10-28 15:48:04.266 GMT [13150] ERROR:  table "match" does not exist
2020-10-28 15:48:04.266 GMT [13150] STATEMENT:  DROP TABLE MATCH CASCADE
2020-10-28 15:48:04.267 GMT [13150] ERROR:  syntax error at or near "S" at character 319
2020-10-28 15:48:04.267 GMT [13150] STATEMENT:  CREATE TABLE MATCH( MatchID INTEGER PRIMARY KEY, SeasonID INTEGER NOT NULL, HomeTeamID INTEGER NOT NULL, AwayTeamID INTEGER NOT NULL, DatePlayed DATE NOT NULL, FOREIGN KEY (SeasonID) REFERENCES SEASON(SeasonID), FOREIGN KEY (HomeTeamID) REFERENCES TEAM(HomeTeamID), FOREIGN KEY (AwayTeamID) REFERENCES TEAM(AwayTeamID)S)
2020-10-28 15:48:04.267 GMT [13150] ERROR:  table "goal" does not exist
2020-10-28 15:48:04.267 GMT [13150] STATEMENT:  DROP TABLE GOAL CASCADE
2020-10-28 15:48:04.268 GMT [13150] ERROR:  syntax error at end of input at character 293
2020-10-28 15:48:04.268 GMT [13150] STATEMENT:  CREATE TABLE GOAL( GoalID INTEGER PRIMARY KEY, MatchID INTEGER NOT NULL, PlayerID INTEGER NOT NULL, TeamID INTEGER NOT NULL, MinuteScored --TODO, FOREIGN KEY (MatchID) REFERENCES MATCH(MatchID), FOREIGN KEY (PlayerID) REFERENCES PLAYER(PlayerID), FOREIGN KEY (TeamID) REFERENCES TEAM(TeamID))
2020-10-28 15:48:44.336 GMT [13250] ERROR:  table "player" does not exist
2020-10-28 15:48:44.336 GMT [13250] STATEMENT:  DROP TABLE PLAYER CASCADE
2020-10-28 15:48:44.340 GMT [13250] ERROR:  syntax error at or near "NOT" at character 257
2020-10-28 15:48:44.340 GMT [13250] STATEMENT:  CREATE TABLE PLAYER( PlayerID INTEGER PRIMARY KEY, Name VARCHAR(30) NOT NULL, Age INTEGER NOT NULL, Height FLOAT NOT NULL, Weight FLOAT NOT NULL, Nationality VARCHAR(30) NOT NULL, Rating INTEGER NOT NULL, PreferredFoot CHAR(1) NOT NULL, Position VARCHAR(3 NOT NULL), ShirtNumber INTEGER NOT NULL, ContractExpiry INTEGER NOT NULL)
2020-10-28 15:48:44.372 GMT [13250] ERROR:  table "team_player" does not exist
2020-10-28 15:48:44.372 GMT [13250] STATEMENT:  DROP TABLE TEAM_PLAYER CASCADE
2020-10-28 15:48:44.372 GMT [13250] ERROR:  syntax error at or near "INTEGER" at character 100
2020-10-28 15:48:44.372 GMT [13250] STATEMENT:  CREATE TABLE TEAM_PLAYER( TeamID INTEGER NOT NULL, PlayerID INTEGER NOT NULL, PRIMARY KEY (TeamID) INTEGER NOT NULL, FOREIGN KEY (TeamID) REFERENCES TEAM(TeamID), FOREIGN KEY (PlayerID) REFERENCES PLAYER(PlayerID))
2020-10-28 15:48:44.431 GMT [13250] ERROR:  table "match" does not exist
2020-10-28 15:48:44.431 GMT [13250] STATEMENT:  DROP TABLE MATCH CASCADE
2020-10-28 15:48:44.432 GMT [13250] ERROR:  syntax error at or near "S" at character 319
2020-10-28 15:48:44.432 GMT [13250] STATEMENT:  CREATE TABLE MATCH( MatchID INTEGER PRIMARY KEY, SeasonID INTEGER NOT NULL, HomeTeamID INTEGER NOT NULL, AwayTeamID INTEGER NOT NULL, DatePlayed DATE NOT NULL, FOREIGN KEY (SeasonID) REFERENCES SEASON(SeasonID), FOREIGN KEY (HomeTeamID) REFERENCES TEAM(HomeTeamID), FOREIGN KEY (AwayTeamID) REFERENCES TEAM(AwayTeamID)S)
2020-10-28 15:48:44.433 GMT [13250] ERROR:  table "goal" does not exist
2020-10-28 15:48:44.433 GMT [13250] STATEMENT:  DROP TABLE GOAL CASCADE
2020-10-28 15:48:44.446 GMT [13250] ERROR:  relation "match" does not exist
2020-10-28 15:48:44.446 GMT [13250] STATEMENT:  CREATE TABLE GOAL( GoalID INTEGER PRIMARY KEY, MatchID INTEGER NOT NULL, PlayerID INTEGER NOT NULL, TeamID INTEGER NOT NULL, MinuteScored INTEGER NOT NULL, FOREIGN KEY (MatchID) REFERENCES MATCH(MatchID), FOREIGN KEY (PlayerID) REFERENCES PLAYER(PlayerID), FOREIGN KEY (TeamID) REFERENCES TEAM(TeamID))
2020-10-28 15:48:49.387 GMT [13301] ERROR:  table "player" does not exist
2020-10-28 15:48:49.387 GMT [13301] STATEMENT:  DROP TABLE PLAYER CASCADE
2020-10-28 15:48:49.391 GMT [13301] ERROR:  syntax error at or near "NOT" at character 257
2020-10-28 15:48:49.391 GMT [13301] STATEMENT:  CREATE TABLE PLAYER( PlayerID INTEGER PRIMARY KEY, Name VARCHAR(30) NOT NULL, Age INTEGER NOT NULL, Height FLOAT NOT NULL, Weight FLOAT NOT NULL, Nationality VARCHAR(30) NOT NULL, Rating INTEGER NOT NULL, PreferredFoot CHAR(1) NOT NULL, Position VARCHAR(3 NOT NULL), ShirtNumber INTEGER NOT NULL, ContractExpiry INTEGER NOT NULL)
2020-10-28 15:48:49.441 GMT [13301] ERROR:  table "team_player" does not exist
2020-10-28 15:48:49.441 GMT [13301] STATEMENT:  DROP TABLE TEAM_PLAYER CASCADE
2020-10-28 15:48:49.442 GMT [13301] ERROR:  syntax error at or near "INTEGER" at character 100
2020-10-28 15:48:49.442 GMT [13301] STATEMENT:  CREATE TABLE TEAM_PLAYER( TeamID INTEGER NOT NULL, PlayerID INTEGER NOT NULL, PRIMARY KEY (TeamID) INTEGER NOT NULL, FOREIGN KEY (TeamID) REFERENCES TEAM(TeamID), FOREIGN KEY (PlayerID) REFERENCES PLAYER(PlayerID))
2020-10-28 15:48:49.501 GMT [13301] ERROR:  table "match" does not exist
2020-10-28 15:48:49.501 GMT [13301] STATEMENT:  DROP TABLE MATCH CASCADE
2020-10-28 15:48:49.502 GMT [13301] ERROR:  syntax error at or near "S" at character 319
2020-10-28 15:48:49.502 GMT [13301] STATEMENT:  CREATE TABLE MATCH( MatchID INTEGER PRIMARY KEY, SeasonID INTEGER NOT NULL, HomeTeamID INTEGER NOT NULL, AwayTeamID INTEGER NOT NULL, DatePlayed DATE NOT NULL, FOREIGN KEY (SeasonID) REFERENCES SEASON(SeasonID), FOREIGN KEY (HomeTeamID) REFERENCES TEAM(HomeTeamID), FOREIGN KEY (AwayTeamID) REFERENCES TEAM(AwayTeamID)S)
2020-10-28 15:48:49.502 GMT [13301] ERROR:  table "goal" does not exist
2020-10-28 15:48:49.502 GMT [13301] STATEMENT:  DROP TABLE GOAL CASCADE
2020-10-28 15:48:49.519 GMT [13301] ERROR:  relation "match" does not exist
2020-10-28 15:48:49.519 GMT [13301] STATEMENT:  CREATE TABLE GOAL( GoalID INTEGER PRIMARY KEY, MatchID INTEGER NOT NULL, PlayerID INTEGER NOT NULL, TeamID INTEGER NOT NULL, MinuteScored INTEGER NOT NULL, FOREIGN KEY (MatchID) REFERENCES MATCH(MatchID), FOREIGN KEY (PlayerID) REFERENCES PLAYER(PlayerID), FOREIGN KEY (TeamID) REFERENCES TEAM(TeamID))
2020-10-28 15:50:57.437 GMT [13496] ERROR:  table "player" does not exist
2020-10-28 15:50:57.437 GMT [13496] STATEMENT:  DROP TABLE PLAYER CASCADE
2020-10-28 15:50:57.440 GMT [13496] ERROR:  syntax error at or near "NOT" at character 257
2020-10-28 15:50:57.440 GMT [13496] STATEMENT:  CREATE TABLE PLAYER( PlayerID INTEGER PRIMARY KEY, Name VARCHAR(30) NOT NULL, Age INTEGER NOT NULL, Height FLOAT NOT NULL, Weight FLOAT NOT NULL, Nationality VARCHAR(30) NOT NULL, Rating INTEGER NOT NULL, PreferredFoot CHAR(1) NOT NULL, Position VARCHAR(3 NOT NULL), ShirtNumber INTEGER NOT NULL, ContractExpiry INTEGER NOT NULL)
2020-10-28 15:50:57.468 GMT [13496] ERROR:  table "team_player" does not exist
2020-10-28 15:50:57.468 GMT [13496] STATEMENT:  DROP TABLE TEAM_PLAYER CASCADE
2020-10-28 15:50:57.469 GMT [13496] ERROR:  syntax error at or near "INTEGER" at character 100
2020-10-28 15:50:57.469 GMT [13496] STATEMENT:  CREATE TABLE TEAM_PLAYER( TeamID INTEGER NOT NULL, PlayerID INTEGER NOT NULL, PRIMARY KEY (TeamID) INTEGER NOT NULL, FOREIGN KEY (TeamID) REFERENCES TEAM(TeamID), FOREIGN KEY (PlayerID) REFERENCES PLAYER(PlayerID))
2020-10-28 15:50:57.529 GMT [13496] ERROR:  table "match" does not exist
2020-10-28 15:50:57.529 GMT [13496] STATEMENT:  DROP TABLE MATCH CASCADE
2020-10-28 15:50:57.529 GMT [13496] ERROR:  syntax error at or near "S" at character 319
2020-10-28 15:50:57.529 GMT [13496] STATEMENT:  CREATE TABLE MATCH( MatchID INTEGER PRIMARY KEY, SeasonID INTEGER NOT NULL, HomeTeamID INTEGER NOT NULL, AwayTeamID INTEGER NOT NULL, DatePlayed DATE NOT NULL, FOREIGN KEY (SeasonID) REFERENCES SEASON(SeasonID), FOREIGN KEY (HomeTeamID) REFERENCES TEAM(HomeTeamID), FOREIGN KEY (AwayTeamID) REFERENCES TEAM(AwayTeamID)S)
2020-10-28 15:50:57.529 GMT [13496] ERROR:  table "goal" does not exist
2020-10-28 15:50:57.529 GMT [13496] STATEMENT:  DROP TABLE GOAL CASCADE
2020-10-28 15:50:57.546 GMT [13496] ERROR:  relation "match" does not exist
2020-10-28 15:50:57.546 GMT [13496] STATEMENT:  CREATE TABLE GOAL( GoalID INTEGER PRIMARY KEY, MatchID INTEGER NOT NULL, PlayerID INTEGER NOT NULL, TeamID INTEGER NOT NULL, MinuteScored INTEGER NOT NULL, FOREIGN KEY (MatchID) REFERENCES MATCH(MatchID), FOREIGN KEY (PlayerID) REFERENCES PLAYER(PlayerID), FOREIGN KEY (TeamID) REFERENCES TEAM(TeamID))
2020-10-28 15:58:17.402 GMT [7819] LOG:  using stale statistics instead of current ones because stats collector is not responding
